<?xml version="1.0" encoding="utf-8" standalone="no"?>
<!--This file represents the results of running a test suite-->
<test-results name="H:\CodingProjects\cdltsTest\TriangleType\CardlyticsTests\PrimeFactorizationConsoleApp\PrimeFactorizationTestClass\bin\Debug\PrimeFactorizationTestClass.dll" total="20" errors="0" failures="0" not-run="0" inconclusive="0" ignored="0" skipped="0" invalid="0" date="2015-02-05" time="18:42:27">
  <environment nunit-version="2.6.4.14350" clr-version="2.0.50727.5485" os-version="Microsoft Windows NT 6.1.7601 Service Pack 1" platform="Win32NT" cwd="C:\Program Files (x86)\NUnit 2.6.4\bin" machine-name="SILVER" user="Daniel" user-domain="Silver" />
  <culture-info current-culture="en-US" current-uiculture="en-US" />
  <test-suite type="Assembly" name="H:\CodingProjects\cdltsTest\TriangleType\CardlyticsTests\PrimeFactorizationConsoleApp\PrimeFactorizationTestClass\bin\Debug\PrimeFactorizationTestClass.dll" executed="True" result="Success" success="True" time="0.157" asserts="0">
    <results>
      <test-suite type="Namespace" name="PrimeFactorizationTestClass" executed="True" result="Success" success="True" time="0.139" asserts="0">
        <results>
          <test-suite type="TestFixture" name="TestClass" executed="True" result="Success" success="True" time="0.137" asserts="0">
            <results>
              <test-case name="PrimeFactorizationTestClass.TestClass.BuildOutputStringTestNegativeNumber" executed="True" result="Success" success="True" time="0.046" asserts="1" />
              <test-case name="PrimeFactorizationTestClass.TestClass.BuildOutputStringTestOne" executed="True" result="Success" success="True" time="0.000" asserts="1" />
              <test-case name="PrimeFactorizationTestClass.TestClass.BuildOutputStringTestPrimeNumber" executed="True" result="Success" success="True" time="0.001" asserts="1" />
              <test-case name="PrimeFactorizationTestClass.TestClass.BuildOutputStringTestSquareOfTwoPrimes" executed="True" result="Success" success="True" time="0.013" asserts="1" />
              <test-case name="PrimeFactorizationTestClass.TestClass.BuildOutputStringTestValidNumber" executed="True" result="Success" success="True" time="0.000" asserts="1" />
              <test-case name="PrimeFactorizationTestClass.TestClass.BuildOutputStringTestZero" executed="True" result="Success" success="True" time="0.000" asserts="1" />
              <test-case name="PrimeFactorizationTestClass.TestClass.BuildPrimeFactorListTest" executed="True" result="Success" success="True" time="0.007" asserts="1" />
              <test-case name="PrimeFactorizationTestClass.TestClass.CheckProductsVsInputsOfTestFile" executed="True" result="Success" success="True" time="0.013" asserts="1" />
              <test-case name="PrimeFactorizationTestClass.TestClass.CheckStringValueTestInvalidInt" executed="True" result="Success" success="True" time="0.001" asserts="1" />
              <test-case name="PrimeFactorizationTestClass.TestClass.CheckStringValueTestNegativeInt" executed="True" result="Success" success="True" time="0.000" asserts="1" />
              <test-case name="PrimeFactorizationTestClass.TestClass.CheckStringValueTestNonNumericString" executed="True" result="Success" success="True" time="0.000" asserts="1" />
              <test-case name="PrimeFactorizationTestClass.TestClass.CheckStringValueTestNumberLargerThanInt32" executed="True" result="Success" success="True" time="0.000" asserts="1" />
              <test-case name="PrimeFactorizationTestClass.TestClass.CheckStringValueTestValidInt" executed="True" result="Success" success="True" time="0.000" asserts="1" />
              <test-case name="PrimeFactorizationTestClass.TestClass.CheckStringValueTestWhiteSpace" executed="True" result="Success" success="True" time="0.000" asserts="1" />
              <test-case name="PrimeFactorizationTestClass.TestClass.IsPrimeTestFailureNegativeInteger" executed="True" result="Success" success="True" time="0.000" asserts="1" />
              <test-case name="PrimeFactorizationTestClass.TestClass.IsPrimeTestFailureNotPrimeCompositePositiveInteger" executed="True" result="Success" success="True" time="0.000" asserts="1" />
              <test-case name="PrimeFactorizationTestClass.TestClass.IsPrimeTestFailureOne" executed="True" result="Success" success="True" time="0.000" asserts="1" />
              <test-case name="PrimeFactorizationTestClass.TestClass.IsPrimeTestFailureZero" executed="True" result="Success" success="True" time="0.000" asserts="1" />
              <test-case name="PrimeFactorizationTestClass.TestClass.IsPrimeTestSucceed" executed="True" result="Success" success="True" time="0.000" asserts="1" />
              <test-case name="PrimeFactorizationTestClass.TestClass.ListProductTest" executed="True" result="Success" success="True" time="0.000" asserts="1" />
            </results>
          </test-suite>
        </results>
      </test-suite>
    </results>
  </test-suite>
</test-results>